<?xml version="1.0" encoding="UTF-8"?>
<!-- Generated by org.testng.reporters.JUnitReportReporter -->
<testsuite hostname="Aruns-MacBook-Pro.local" failures="0" tests="1" name="com.sample.getHyphenTest" time="17.134" errors="0" timestamp="2021-02-26T16:48:41 IST" skipped="0">
  <testcase classname="com.sample.getHyphenTest" name="createPost" time="17.134"/>
  <system-out/>
</testsuite> <!-- com.sample.getHyphenTest -->
